  Source.cpp
C:\Users\eliah\source\repos\CLASS_INHERITANCE_TYPES_C++\CLASS_INHERITANCE_TYPES_C++\Source.cpp(329,24): warning C4018: '<': signed/unsigned mismatch
C:\Users\eliah\source\repos\CLASS_INHERITANCE_TYPES_C++\CLASS_INHERITANCE_TYPES_C++\Source.cpp(407,24): warning C4018: '<': signed/unsigned mismatch
C:\Users\eliah\source\repos\CLASS_INHERITANCE_TYPES_C++\CLASS_INHERITANCE_TYPES_C++\Source.cpp(491,24): warning C4018: '<': signed/unsigned mismatch
C:\Users\eliah\source\repos\CLASS_INHERITANCE_TYPES_C++\CLASS_INHERITANCE_TYPES_C++\Source.cpp(609,11): warning C4129: ' ': unrecognized character escape sequence
C:\Users\eliah\source\repos\CLASS_INHERITANCE_TYPES_C++\CLASS_INHERITANCE_TYPES_C++\Source.cpp(563,24): warning C4018: '<': signed/unsigned mismatch
C:\Users\eliah\source\repos\CLASS_INHERITANCE_TYPES_C++\CLASS_INHERITANCE_TYPES_C++\Source.cpp(567,24): warning C4018: '<': signed/unsigned mismatch
C:\Users\eliah\source\repos\CLASS_INHERITANCE_TYPES_C++\CLASS_INHERITANCE_TYPES_C++\Source.cpp(572,24): warning C4018: '<': signed/unsigned mismatch
C:\Users\eliah\source\repos\CLASS_INHERITANCE_TYPES_C++\CLASS_INHERITANCE_TYPES_C++\Source.cpp(577,24): warning C4018: '<': signed/unsigned mismatch
C:\Users\eliah\source\repos\CLASS_INHERITANCE_TYPES_C++\CLASS_INHERITANCE_TYPES_C++\Source.cpp(633,13): warning C4326: return type of 'main' should be 'int' instead of 'void'
C:\Users\eliah\source\repos\CLASS_INHERITANCE_TYPES_C++\CLASS_INHERITANCE_TYPES_C++\Source.cpp(77,24): warning C4018: '<': signed/unsigned mismatch
C:\Users\eliah\source\repos\CLASS_INHERITANCE_TYPES_C++\CLASS_INHERITANCE_TYPES_C++\Source.cpp(76): message : while compiling class template member function 'void Stack<MilitaryShip>::print(void) const'
C:\Users\eliah\source\repos\CLASS_INHERITANCE_TYPES_C++\CLASS_INHERITANCE_TYPES_C++\Source.cpp(622): message : see reference to function template instantiation 'void Stack<MilitaryShip>::print(void) const' being compiled
C:\Users\eliah\source\repos\CLASS_INHERITANCE_TYPES_C++\CLASS_INHERITANCE_TYPES_C++\Source.cpp(542): message : see reference to class template instantiation 'Stack<MilitaryShip>' being compiled
C:\Users\eliah\source\repos\CLASS_INHERITANCE_TYPES_C++\CLASS_INHERITANCE_TYPES_C++\Source.cpp(30,24): warning C4018: '<': signed/unsigned mismatch
C:\Users\eliah\source\repos\CLASS_INHERITANCE_TYPES_C++\CLASS_INHERITANCE_TYPES_C++\Source.cpp(26): message : while compiling class template member function 'void Stack<MilitaryShip>::push_back(T)'
          with
          [
              T=MilitaryShip
          ]
C:\Users\eliah\source\repos\CLASS_INHERITANCE_TYPES_C++\CLASS_INHERITANCE_TYPES_C++\Source.cpp(689): message : see reference to function template instantiation 'void Stack<MilitaryShip>::push_back(T)' being compiled
          with
          [
              T=MilitaryShip
          ]
  CLASS_INHERITANCE_TYPES_C++.vcxproj -> C:\Users\eliah\source\repos\CLASS_INHERITANCE_TYPES_C++\Debug\CLASS_INHERITANCE_TYPES_C++.exe
